Build started 6/5/2016 5:34:24 PM.
     1>Project "C:\Users\demarcot\Desktop\C++ Projects\Compiler\Compiler\Compiler.vcxproj" on node 2 (Build target(s)).
     1>ClCompile:
         C:\Program Files (x86)\Microsoft Visual Studio 12.0\VC\bin\CL.exe /c /ZI /nologo /W3 /WX- /sdl /Od /Oy- /D WIN32 /D _DEBUG /D _CONSOLE /D _LIB /D _UNICODE /D UNICODE /Gm /EHsc /RTC1 /MDd /GS /fp:precise /Zc:wchar_t /Zc:forScope /Fo"Debug\\" /Fd"Debug\vc120.pdb" /Gd /TP /analyze- /errorReport:prompt Compiler.cpp Lexer.cpp Num.cpp Real.cpp Token.cpp Type.cpp Word.cpp
         Lexer.cpp
     1>c:\users\demarcot\desktop\c++ projects\compiler\compiler\lexer.cpp(161): warning C4244: 'argument' : conversion from 'double' to 'float', possible loss of data
     1>c:\users\demarcot\desktop\c++ projects\compiler\compiler\lexer.cpp(200): warning C4018: '<' : signed/unsigned mismatch
     1>c:\users\demarcot\desktop\c++ projects\compiler\compiler\lexer.cpp(226): warning C4800: 'int' : forcing value to bool 'true' or 'false' (performance warning)
         Generating Code...
         Skipping... (no relevant changes detected)
         Word.cpp
         Type.cpp
         Token.cpp
         Real.cpp
         Num.cpp
         Compiler.cpp
       Link:
         C:\Program Files (x86)\Microsoft Visual Studio 12.0\VC\bin\link.exe /ERRORREPORT:PROMPT /OUT:"C:\Users\demarcot\Desktop\C++ Projects\Compiler\Debug\Compiler.exe" /INCREMENTAL /NOLOGO kernel32.lib user32.lib gdi32.lib winspool.lib comdlg32.lib advapi32.lib shell32.lib ole32.lib oleaut32.lib uuid.lib odbc32.lib odbccp32.lib /MANIFEST /MANIFESTUAC:"level='asInvoker' uiAccess='false'" /manifest:embed /DEBUG /PDB:"C:\Users\demarcot\Desktop\C++ Projects\Compiler\Debug\Compiler.pdb" /SUBSYSTEM:CONSOLE /TLBID:1 /DYNAMICBASE /NXCOMPAT /IMPLIB:"C:\Users\demarcot\Desktop\C++ Projects\Compiler\Debug\Compiler.lib" /MACHINE:X86 Debug\Compiler.obj
         Debug\Lexer.obj
         Debug\Num.obj
         Debug\Parser.obj
         Debug\Real.obj
         Debug\Token.obj
         Debug\Type.obj
         Debug\Word.obj
         Compiler.vcxproj -> C:\Users\demarcot\Desktop\C++ Projects\Compiler\Debug\Compiler.exe
     1>Done Building Project "C:\Users\demarcot\Desktop\C++ Projects\Compiler\Compiler\Compiler.vcxproj" (Build target(s)).

Build succeeded.

Time Elapsed 00:00:00.82
